<?xml version="1.0" encoding="UTF-8"?>
<testng-results ignored="0" total="0" passed="0" failed="0" skipped="0">
  <reporter-output>
  </reporter-output>
  <suite started-at="2025-02-01T17:47:33Z" name="praktikum.QuestionsTest" finished-at="2025-02-01T17:47:33Z" duration-ms="5">
    <groups>
    </groups>
    <test started-at="2025-02-01T17:47:33Z" name="Command line test" finished-at="2025-02-01T17:47:33Z" duration-ms="5">
    </test> <!-- Command line test -->
  </suite> <!-- praktikum.QuestionsTest -->
</testng-results>
